<?xml version="1.0" encoding="UTF-8"?>
<testng-results ignored="0" total="2" passed="2" failed="0" skipped="0">
  <reporter-output>
    <line>
      <![CDATA[hello]]>
    </line>
    <line>
      <![CDATA[hi]]>
    </line>
  </reporter-output>
  <suite started-at="2023-01-09T16:08:41 IST" name="Default suite" finished-at="2023-01-09T16:08:41 IST" duration-ms="77">
    <groups>
    </groups>
    <test started-at="2023-01-09T16:08:41 IST" name="Default test" finished-at="2023-01-09T16:08:41 IST" duration-ms="77">
      <class name="demo.test2">
        <test-method signature="m2()[pri:0, instance:demo.test2@10feca44]" started-at="2023-01-09T16:08:41 IST" name="m2" finished-at="2023-01-09T16:08:41 IST" duration-ms="10" status="PASS">
          <reporter-output>
            <line>
              <![CDATA[hello]]>
            </line>
          </reporter-output>
        </test-method> <!-- m2 -->
      </class> <!-- demo.test2 -->
      <class name="demo.test1">
        <test-method signature="m1()[pri:0, instance:demo.test1@fa49800]" started-at="2023-01-09T16:08:41 IST" name="m1" finished-at="2023-01-09T16:08:41 IST" duration-ms="2" status="PASS">
          <reporter-output>
            <line>
              <![CDATA[hi]]>
            </line>
          </reporter-output>
        </test-method> <!-- m1 -->
      </class> <!-- demo.test1 -->
    </test> <!-- Default test -->
  </suite> <!-- Default suite -->
</testng-results>
